<?xml version="1.0" encoding="UTF-8"?>
<Site BuildName="(empty)"
	BuildStamp="20250324-1840-Experimental"
	Name="(empty)"
	Generator="ctest-3.31.6"
	CompilerName=""
	CompilerVersion=""
	OSName="Linux"
	Hostname="fletchlives"
	OSRelease="5.15.167.4-microsoft-standard-WSL2"
	OSVersion="#1 SMP Tue Nov 5 00:21:55 UTC 2024"
	OSPlatform="x86_64"
	Is64Bits="1"
	VendorString="GenuineIntel"
	VendorID="Intel Corporation"
	FamilyID="6"
	ModelID="186"
	ModelName="13th Gen Intel(R) Core(TM) i9-13900H"
	ProcessorCacheSize="24576"
	NumberOfLogicalCPU="20"
	NumberOfPhysicalCPU="10"
	TotalVirtualMemory="4096"
	TotalPhysicalMemory="15830"
	LogicalProcessorsPerPhysical="2"
	ProcessorClockFrequency="2995.2"
	>
	<Testing>
		<StartDateTime>Mar 24 14:40 EDT</StartDateTime>
		<StartTestTime>1742841645</StartTestTime>
		<TestList/>
		<EndDateTime>Mar 24 14:40 EDT</EndDateTime>
		<EndTestTime>1742841645</EndTestTime>
		<ElapsedMinutes>0</ElapsedMinutes>
	</Testing>
</Site>
